<?xml version="1.0" encoding="UTF-8"?>
<testsuite name="Utest" tests="1" skipped="0" failures="0" errors="0" timestamp="2021-10-11T17:00:44" hostname="NAVAS" time="35.581">
  <properties/>
  <testcase name="Complete the step one in the form" classname="Utest" time="35.581"/>
  <system-out><![CDATA[]]></system-out>
  <system-err><![CDATA[[Test worker] WARN net.thucydides.core.steps.BaseStepListener - stepStarted: net.thucydides.core.steps.ExecutedStepDescription@3edbd4b0
[Test worker] WARN net.thucydides.core.steps.BaseStepListener - stepStarted: net.thucydides.core.steps.ExecutedStepDescription@29c124cd
[Test worker] WARN net.thucydides.core.steps.BaseStepListener - stepStarted: net.thucydides.core.steps.ExecutedStepDescription@17707c74
oct. 11, 2021 12:00:45 P. M. org.openqa.selenium.remote.DesiredCapabilities chrome
INFORMACIÓN: Using `new ChromeOptions()` is preferred to `DesiredCapabilities.chrome()`
[Test worker] INFO net.serenitybdd.core.webdriver.driverproviders.ProvideNewDriver - Instantiating driver
[Test worker] INFO net.serenitybdd.core.webdriver.driverproviders.ProvideNewDriver - Driver capabilities: Capabilities {acceptInsecureCerts: false, browserName: chrome, chrome.switches: --start-maximized, goog:chromeOptions: {args: [--start-maximized], extensions: []}, loggingPrefs: org.openqa.selenium.logging..., platform: ANY, version: }
Starting ChromeDriver 94.0.4606.61 (418b78f5838ed0b1c69bb4e51ea0252171854915-refs/branch-heads/4606@{#1204}) on port 18373
Only local connections are allowed.
Please see https://chromedriver.chromium.org/security-considerations for suggestions on keeping ChromeDriver safe.
ChromeDriver was started successfully.
oct. 11, 2021 12:00:49 P. M. org.openqa.selenium.remote.ProtocolHandshake createSession
INFORMACIÓN: Detected dialect: W3C
[Test worker] WARN net.thucydides.core.steps.BaseStepListener - stepFinished: current outcome:Complete the step one in the form:Given Felipe wanted to use the registration form in Utest [Felipe open up [Felipe opens the Utest join today]]
[Test worker] WARN net.thucydides.core.steps.BaseStepListener - stepFinished: current outcome:Complete the step one in the form:Given Felipe wanted to use the registration form in Utest [Felipe open up [Felipe opens the Utest join today]]
[Test worker] WARN net.thucydides.core.steps.BaseStepListener - stepFinished: current outcome:Complete the step one in the form:Given Felipe wanted to use the registration form in Utest [Felipe open up [Felipe opens the Utest join today]]
[Test worker] WARN net.thucydides.core.steps.BaseStepListener - stepStarted: net.thucydides.core.steps.ExecutedStepDescription@181725a8
[Test worker] WARN net.thucydides.core.steps.BaseStepListener - stepStarted: net.thucydides.core.steps.ExecutedStepDescription@7b08540b
[Test worker] WARN net.thucydides.core.steps.BaseStepListener - stepStarted: net.thucydides.core.steps.ExecutedStepDescription@6ca15fea
[Test worker] WARN net.thucydides.core.steps.BaseStepListener - stepFinished: current outcome:Complete the step one in the form:Given Felipe wanted to use the registration form in Utest [Felipe open up [Felipe opens the Utest join today]], When Felipe completes the fields in the form [Felipe next location [Felipe clicks on Input to enter at form]]
[Test worker] WARN net.thucydides.core.steps.BaseStepListener - stepStarted: net.thucydides.core.steps.ExecutedStepDescription@7fc211f8
[Test worker] WARN net.thucydides.core.steps.BaseStepListener - stepFinished: current outcome:Complete the step one in the form:Given Felipe wanted to use the registration form in Utest [Felipe open up [Felipe opens the Utest join today]], When Felipe completes the fields in the form [Felipe next location [Felipe clicks on Input to enter at form, Felipe enters 'Felipe' into Input to enter the first name in the form]]
[Test worker] WARN net.thucydides.core.steps.BaseStepListener - stepStarted: net.thucydides.core.steps.ExecutedStepDescription@7ad0c239
[Test worker] WARN net.thucydides.core.steps.BaseStepListener - stepFinished: current outcome:Complete the step one in the form:Given Felipe wanted to use the registration form in Utest [Felipe open up [Felipe opens the Utest join today]], When Felipe completes the fields in the form [Felipe next location [Felipe clicks on Input to enter at form, Felipe enters 'Felipe' into Input to enter the first name in the form, Felipe enters 'Navas' into Input to enter the last name in the form]]
[Test worker] WARN net.thucydides.core.steps.BaseStepListener - stepStarted: net.thucydides.core.steps.ExecutedStepDescription@31c1d46e
[Test worker] WARN net.thucydides.core.steps.BaseStepListener - stepFinished: current outcome:Complete the step one in the form:Given Felipe wanted to use the registration form in Utest [Felipe open up [Felipe opens the Utest join today]], When Felipe completes the fields in the form [Felipe next location [Felipe clicks on Input to enter at form, Felipe enters 'Felipe' into Input to enter the first name in the form, Felipe enters 'Navas' into Input to enter the last name in the form, Felipe enters 'luisfelipenavas@hotmail.com' into Input to enter the email in the form]]
[Test worker] WARN net.thucydides.core.steps.BaseStepListener - stepStarted: net.thucydides.core.steps.ExecutedStepDescription@87c924b
[Test worker] WARN net.thucydides.core.steps.BaseStepListener - stepFinished: current outcome:Complete the step one in the form:Given Felipe wanted to use the registration form in Utest [Felipe open up [Felipe opens the Utest join today]], When Felipe completes the fields in the form [Felipe next location [Felipe clicks on Input to enter at form, Felipe enters 'Felipe' into Input to enter the first name in the form, Felipe enters 'Navas' into Input to enter the last name in the form, Felipe enters 'luisfelipenavas@hotmail.com' into Input to enter the email in the form, Felipe enters 'April' into Input to enter the birth month in the form]]
[Test worker] WARN net.thucydides.core.steps.BaseStepListener - stepStarted: net.thucydides.core.steps.ExecutedStepDescription@3f7bf76e
[Test worker] WARN net.thucydides.core.steps.BaseStepListener - stepFinished: current outcome:Complete the step one in the form:Given Felipe wanted to use the registration form in Utest [Felipe open up [Felipe opens the Utest join today]], When Felipe completes the fields in the form [Felipe next location [Felipe clicks on Input to enter at form, Felipe enters 'Felipe' into Input to enter the first name in the form, Felipe enters 'Navas' into Input to enter the last name in the form, Felipe enters 'luisfelipenavas@hotmail.com' into Input to enter the email in the form, Felipe enters 'April' into Input to enter the birth month in the form, Felipe enters '30' into Input to enter the birth day in the form]]
[Test worker] WARN net.thucydides.core.steps.BaseStepListener - stepStarted: net.thucydides.core.steps.ExecutedStepDescription@7ec23a07
[Test worker] WARN net.thucydides.core.steps.BaseStepListener - stepFinished: current outcome:Complete the step one in the form:Given Felipe wanted to use the registration form in Utest [Felipe open up [Felipe opens the Utest join today]], When Felipe completes the fields in the form [Felipe next location [Felipe clicks on Input to enter at form, Felipe enters 'Felipe' into Input to enter the first name in the form, Felipe enters 'Navas' into Input to enter the last name in the form, Felipe enters 'luisfelipenavas@hotmail.com' into Input to enter the email in the form, Felipe enters 'April' into Input to enter the birth month in the form, Felipe enters '30' into Input to enter the birth day in the form, Felipe enters '1996' into Input to enter the birth year in the form]]
[Test worker] WARN net.thucydides.core.steps.BaseStepListener - stepStarted: net.thucydides.core.steps.ExecutedStepDescription@19b1b57b
[Test worker] WARN net.thucydides.core.steps.BaseStepListener - stepFinished: current outcome:Complete the step one in the form:Given Felipe wanted to use the registration form in Utest [Felipe open up [Felipe opens the Utest join today]], When Felipe completes the fields in the form [Felipe next location [Felipe clicks on Input to enter at form, Felipe enters 'Felipe' into Input to enter the first name in the form, Felipe enters 'Navas' into Input to enter the last name in the form, Felipe enters 'luisfelipenavas@hotmail.com' into Input to enter the email in the form, Felipe enters 'April' into Input to enter the birth month in the form, Felipe enters '30' into Input to enter the birth day in the form, Felipe enters '1996' into Input to enter the birth year in the form, Felipe enters 'Spanish' into Input to enter the languages spoken in the form]]
[Test worker] WARN net.thucydides.core.steps.BaseStepListener - stepStarted: net.thucydides.core.steps.ExecutedStepDescription@57cc9723
[Test worker] WARN net.thucydides.core.steps.BaseStepListener - stepFinished: current outcome:Complete the step one in the form:Given Felipe wanted to use the registration form in Utest [Felipe open up [Felipe opens the Utest join today]], When Felipe completes the fields in the form [Felipe next location [Felipe clicks on Input to enter at form, Felipe enters 'Felipe' into Input to enter the first name in the form, Felipe enters 'Navas' into Input to enter the last name in the form, Felipe enters 'luisfelipenavas@hotmail.com' into Input to enter the email in the form, Felipe enters 'April' into Input to enter the birth month in the form, Felipe enters '30' into Input to enter the birth day in the form, Felipe enters '1996' into Input to enter the birth year in the form, Felipe enters 'Spanish' into Input to enter the languages spoken in the form, Felipe clicks on Input go to step two form]]
[Test worker] WARN net.thucydides.core.steps.BaseStepListener - stepFinished: current outcome:Complete the step one in the form:Given Felipe wanted to use the registration form in Utest [Felipe open up [Felipe opens the Utest join today]], When Felipe completes the fields in the form [Felipe next location [Felipe clicks on Input to enter at form, Felipe enters 'Felipe' into Input to enter the first name in the form, Felipe enters 'Navas' into Input to enter the last name in the form, Felipe enters 'luisfelipenavas@hotmail.com' into Input to enter the email in the form, Felipe enters 'April' into Input to enter the birth month in the form, Felipe enters '30' into Input to enter the birth day in the form, Felipe enters '1996' into Input to enter the birth year in the form, Felipe enters 'Spanish' into Input to enter the languages spoken in the form, Felipe clicks on Input go to step two form]]
[Test worker] WARN net.thucydides.core.steps.BaseStepListener - stepStarted: net.thucydides.core.steps.ExecutedStepDescription@481837a3
[Test worker] WARN net.thucydides.core.steps.BaseStepListener - stepStarted: net.thucydides.core.steps.ExecutedStepDescription@631b230
[Test worker] WARN net.thucydides.core.steps.BaseStepListener - stepFinished: current outcome:Complete the step one in the form:Given Felipe wanted to use the registration form in Utest [Felipe open up [Felipe opens the Utest join today]], When Felipe completes the fields in the form [Felipe next location [Felipe clicks on Input to enter at form, Felipe enters 'Felipe' into Input to enter the first name in the form, Felipe enters 'Navas' into Input to enter the last name in the form, Felipe enters 'luisfelipenavas@hotmail.com' into Input to enter the email in the form, Felipe enters 'April' into Input to enter the birth month in the form, Felipe enters '30' into Input to enter the birth day in the form, Felipe enters '1996' into Input to enter the birth year in the form, Felipe enters 'Spanish' into Input to enter the languages spoken in the form, Felipe clicks on Input go to step two form], Felipe next devices [Felipe types 'CLEAR' in Input to enter the city in the form]]
[Test worker] WARN net.thucydides.core.steps.BaseStepListener - stepStarted: net.thucydides.core.steps.ExecutedStepDescription@5f9a4a55
[Test worker] WARN net.thucydides.core.steps.BaseStepListener - stepFinished: current outcome:Complete the step one in the form:Given Felipe wanted to use the registration form in Utest [Felipe open up [Felipe opens the Utest join today]], When Felipe completes the fields in the form [Felipe next location [Felipe clicks on Input to enter at form, Felipe enters 'Felipe' into Input to enter the first name in the form, Felipe enters 'Navas' into Input to enter the last name in the form, Felipe enters 'luisfelipenavas@hotmail.com' into Input to enter the email in the form, Felipe enters 'April' into Input to enter the birth month in the form, Felipe enters '30' into Input to enter the birth day in the form, Felipe enters '1996' into Input to enter the birth year in the form, Felipe enters 'Spanish' into Input to enter the languages spoken in the form, Felipe clicks on Input go to step two form], Felipe next devices [Felipe types 'CLEAR' in Input to enter the city in the form, Felipe enters 'Medellin' into Input to enter the city in the form]]
[Test worker] WARN net.thucydides.core.steps.BaseStepListener - stepStarted: net.thucydides.core.steps.ExecutedStepDescription@2ad5feca
[Test worker] WARN net.thucydides.core.steps.BaseStepListener - stepFinished: current outcome:Complete the step one in the form:Given Felipe wanted to use the registration form in Utest [Felipe open up [Felipe opens the Utest join today]], When Felipe completes the fields in the form [Felipe next location [Felipe clicks on Input to enter at form, Felipe enters 'Felipe' into Input to enter the first name in the form, Felipe enters 'Navas' into Input to enter the last name in the form, Felipe enters 'luisfelipenavas@hotmail.com' into Input to enter the email in the form, Felipe enters 'April' into Input to enter the birth month in the form, Felipe enters '30' into Input to enter the birth day in the form, Felipe enters '1996' into Input to enter the birth year in the form, Felipe enters 'Spanish' into Input to enter the languages spoken in the form, Felipe clicks on Input go to step two form], Felipe next devices [Felipe types 'CLEAR' in Input to enter the city in the form, Felipe enters 'Medellin' into Input to enter the city in the form, Felipe types 'ARROW_DOWN,ENTER' in Input to enter the city in the form]]
[Test worker] WARN net.thucydides.core.steps.BaseStepListener - stepStarted: net.thucydides.core.steps.ExecutedStepDescription@25aeb821
[Test worker] WARN net.thucydides.core.steps.BaseStepListener - stepFinished: current outcome:Complete the step one in the form:Given Felipe wanted to use the registration form in Utest [Felipe open up [Felipe opens the Utest join today]], When Felipe completes the fields in the form [Felipe next location [Felipe clicks on Input to enter at form, Felipe enters 'Felipe' into Input to enter the first name in the form, Felipe enters 'Navas' into Input to enter the last name in the form, Felipe enters 'luisfelipenavas@hotmail.com' into Input to enter the email in the form, Felipe enters 'April' into Input to enter the birth month in the form, Felipe enters '30' into Input to enter the birth day in the form, Felipe enters '1996' into Input to enter the birth year in the form, Felipe enters 'Spanish' into Input to enter the languages spoken in the form, Felipe clicks on Input go to step two form], Felipe next devices [Felipe types 'CLEAR' in Input to enter the city in the form, Felipe enters 'Medellin' into Input to enter the city in the form, Felipe types 'ARROW_DOWN,ENTER' in Input to enter the city in the form, Felipe enters '051050' into Input to enter the postal code in the form]]
[Test worker] WARN net.thucydides.core.steps.BaseStepListener - stepStarted: net.thucydides.core.steps.ExecutedStepDescription@6a76b426
[Test worker] WARN net.thucydides.core.steps.BaseStepListener - stepFinished: current outcome:Complete the step one in the form:Given Felipe wanted to use the registration form in Utest [Felipe open up [Felipe opens the Utest join today]], When Felipe completes the fields in the form [Felipe next location [Felipe clicks on Input to enter at form, Felipe enters 'Felipe' into Input to enter the first name in the form, Felipe enters 'Navas' into Input to enter the last name in the form, Felipe enters 'luisfelipenavas@hotmail.com' into Input to enter the email in the form, Felipe enters 'April' into Input to enter the birth month in the form, Felipe enters '30' into Input to enter the birth day in the form, Felipe enters '1996' into Input to enter the birth year in the form, Felipe enters 'Spanish' into Input to enter the languages spoken in the form, Felipe clicks on Input go to step two form], Felipe next devices [Felipe types 'CLEAR' in Input to enter the city in the form, Felipe enters 'Medellin' into Input to enter the city in the form, Felipe types 'ARROW_DOWN,ENTER' in Input to enter the city in the form, Felipe enters '051050' into Input to enter the postal code in the form, Felipe enters 'Colombia' into Input to enter the country in the form]]
[Test worker] WARN net.thucydides.core.steps.BaseStepListener - stepStarted: net.thucydides.core.steps.ExecutedStepDescription@318bef33
[Test worker] WARN net.thucydides.core.steps.BaseStepListener - stepFinished: current outcome:Complete the step one in the form:Given Felipe wanted to use the registration form in Utest [Felipe open up [Felipe opens the Utest join today]], When Felipe completes the fields in the form [Felipe next location [Felipe clicks on Input to enter at form, Felipe enters 'Felipe' into Input to enter the first name in the form, Felipe enters 'Navas' into Input to enter the last name in the form, Felipe enters 'luisfelipenavas@hotmail.com' into Input to enter the email in the form, Felipe enters 'April' into Input to enter the birth month in the form, Felipe enters '30' into Input to enter the birth day in the form, Felipe enters '1996' into Input to enter the birth year in the form, Felipe enters 'Spanish' into Input to enter the languages spoken in the form, Felipe clicks on Input go to step two form], Felipe next devices [Felipe types 'CLEAR' in Input to enter the city in the form, Felipe enters 'Medellin' into Input to enter the city in the form, Felipe types 'ARROW_DOWN,ENTER' in Input to enter the city in the form, Felipe enters '051050' into Input to enter the postal code in the form, Felipe enters 'Colombia' into Input to enter the country in the form, Felipe clicks on Input go to step two form]]
[Test worker] WARN net.thucydides.core.steps.BaseStepListener - stepFinished: current outcome:Complete the step one in the form:Given Felipe wanted to use the registration form in Utest [Felipe open up [Felipe opens the Utest join today]], When Felipe completes the fields in the form [Felipe next location [Felipe clicks on Input to enter at form, Felipe enters 'Felipe' into Input to enter the first name in the form, Felipe enters 'Navas' into Input to enter the last name in the form, Felipe enters 'luisfelipenavas@hotmail.com' into Input to enter the email in the form, Felipe enters 'April' into Input to enter the birth month in the form, Felipe enters '30' into Input to enter the birth day in the form, Felipe enters '1996' into Input to enter the birth year in the form, Felipe enters 'Spanish' into Input to enter the languages spoken in the form, Felipe clicks on Input go to step two form], Felipe next devices [Felipe types 'CLEAR' in Input to enter the city in the form, Felipe enters 'Medellin' into Input to enter the city in the form, Felipe types 'ARROW_DOWN,ENTER' in Input to enter the city in the form, Felipe enters '051050' into Input to enter the postal code in the form, Felipe enters 'Colombia' into Input to enter the country in the form, Felipe clicks on Input go to step two form]]
[Test worker] WARN net.thucydides.core.steps.BaseStepListener - stepStarted: net.thucydides.core.steps.ExecutedStepDescription@3edb9fac
[Test worker] WARN net.thucydides.core.steps.BaseStepListener - stepStarted: net.thucydides.core.steps.ExecutedStepDescription@71cd7b4b
[Test worker] WARN net.thucydides.core.steps.BaseStepListener - stepFinished: current outcome:Complete the step one in the form:Given Felipe wanted to use the registration form in Utest [Felipe open up [Felipe opens the Utest join today]], When Felipe completes the fields in the form [Felipe next location [Felipe clicks on Input to enter at form, Felipe enters 'Felipe' into Input to enter the first name in the form, Felipe enters 'Navas' into Input to enter the last name in the form, Felipe enters 'luisfelipenavas@hotmail.com' into Input to enter the email in the form, Felipe enters 'April' into Input to enter the birth month in the form, Felipe enters '30' into Input to enter the birth day in the form, Felipe enters '1996' into Input to enter the birth year in the form, Felipe enters 'Spanish' into Input to enter the languages spoken in the form, Felipe clicks on Input go to step two form], Felipe next devices [Felipe types 'CLEAR' in Input to enter the city in the form, Felipe enters 'Medellin' into Input to enter the city in the form, Felipe types 'ARROW_DOWN,ENTER' in Input to enter the city in the form, Felipe enters '051050' into Input to enter the postal code in the form, Felipe enters 'Colombia' into Input to enter the country in the form, Felipe clicks on Input go to step two form], Felipe next last step [Felipe clicks on Input button next last in the form]]
[Test worker] WARN net.thucydides.core.steps.BaseStepListener - stepFinished: current outcome:Complete the step one in the form:Given Felipe wanted to use the registration form in Utest [Felipe open up [Felipe opens the Utest join today]], When Felipe completes the fields in the form [Felipe next location [Felipe clicks on Input to enter at form, Felipe enters 'Felipe' into Input to enter the first name in the form, Felipe enters 'Navas' into Input to enter the last name in the form, Felipe enters 'luisfelipenavas@hotmail.com' into Input to enter the email in the form, Felipe enters 'April' into Input to enter the birth month in the form, Felipe enters '30' into Input to enter the birth day in the form, Felipe enters '1996' into Input to enter the birth year in the form, Felipe enters 'Spanish' into Input to enter the languages spoken in the form, Felipe clicks on Input go to step two form], Felipe next devices [Felipe types 'CLEAR' in Input to enter the city in the form, Felipe enters 'Medellin' into Input to enter the city in the form, Felipe types 'ARROW_DOWN,ENTER' in Input to enter the city in the form, Felipe enters '051050' into Input to enter the postal code in the form, Felipe enters 'Colombia' into Input to enter the country in the form, Felipe clicks on Input go to step two form], Felipe next last step [Felipe clicks on Input button next last in the form]]
[Test worker] WARN net.thucydides.core.steps.BaseStepListener - stepFinished: current outcome:Complete the step one in the form:Given Felipe wanted to use the registration form in Utest [Felipe open up [Felipe opens the Utest join today]], When Felipe completes the fields in the form [Felipe next location [Felipe clicks on Input to enter at form, Felipe enters 'Felipe' into Input to enter the first name in the form, Felipe enters 'Navas' into Input to enter the last name in the form, Felipe enters 'luisfelipenavas@hotmail.com' into Input to enter the email in the form, Felipe enters 'April' into Input to enter the birth month in the form, Felipe enters '30' into Input to enter the birth day in the form, Felipe enters '1996' into Input to enter the birth year in the form, Felipe enters 'Spanish' into Input to enter the languages spoken in the form, Felipe clicks on Input go to step two form], Felipe next devices [Felipe types 'CLEAR' in Input to enter the city in the form, Felipe enters 'Medellin' into Input to enter the city in the form, Felipe types 'ARROW_DOWN,ENTER' in Input to enter the city in the form, Felipe enters '051050' into Input to enter the postal code in the form, Felipe enters 'Colombia' into Input to enter the country in the form, Felipe clicks on Input go to step two form], Felipe next last step [Felipe clicks on Input button next last in the form]]
[Test worker] WARN net.thucydides.core.steps.BaseStepListener - stepStarted: net.thucydides.core.steps.ExecutedStepDescription@24c7995
[Test worker] WARN net.thucydides.core.steps.BaseStepListener - stepStarted: net.thucydides.core.steps.ExecutedStepDescription@4a2d2b5b
[Test worker] WARN net.thucydides.core.steps.BaseStepListener - stepStarted: net.thucydides.core.steps.ExecutedStepDescription@591639fe
[Test worker] WARN net.thucydides.core.steps.BaseStepListener - stepFinished: current outcome:Complete the step one in the form:Given Felipe wanted to use the registration form in Utest [Felipe open up [Felipe opens the Utest join today]], When Felipe completes the fields in the form [Felipe next location [Felipe clicks on Input to enter at form, Felipe enters 'Felipe' into Input to enter the first name in the form, Felipe enters 'Navas' into Input to enter the last name in the form, Felipe enters 'luisfelipenavas@hotmail.com' into Input to enter the email in the form, Felipe enters 'April' into Input to enter the birth month in the form, Felipe enters '30' into Input to enter the birth day in the form, Felipe enters '1996' into Input to enter the birth year in the form, Felipe enters 'Spanish' into Input to enter the languages spoken in the form, Felipe clicks on Input go to step two form], Felipe next devices [Felipe types 'CLEAR' in Input to enter the city in the form, Felipe enters 'Medellin' into Input to enter the city in the form, Felipe types 'ARROW_DOWN,ENTER' in Input to enter the city in the form, Felipe enters '051050' into Input to enter the postal code in the form, Felipe enters 'Colombia' into Input to enter the country in the form, Felipe clicks on Input go to step two form], Felipe next last step [Felipe clicks on Input button next last in the form]], Then Felipe complete the form [Felipe complete setup [Felipe enters 'Chaguala123' into Input the password]]
[Test worker] WARN net.thucydides.core.steps.BaseStepListener - stepStarted: net.thucydides.core.steps.ExecutedStepDescription@46e1c5a2
[Test worker] WARN net.thucydides.core.steps.BaseStepListener - stepFinished: current outcome:Complete the step one in the form:Given Felipe wanted to use the registration form in Utest [Felipe open up [Felipe opens the Utest join today]], When Felipe completes the fields in the form [Felipe next location [Felipe clicks on Input to enter at form, Felipe enters 'Felipe' into Input to enter the first name in the form, Felipe enters 'Navas' into Input to enter the last name in the form, Felipe enters 'luisfelipenavas@hotmail.com' into Input to enter the email in the form, Felipe enters 'April' into Input to enter the birth month in the form, Felipe enters '30' into Input to enter the birth day in the form, Felipe enters '1996' into Input to enter the birth year in the form, Felipe enters 'Spanish' into Input to enter the languages spoken in the form, Felipe clicks on Input go to step two form], Felipe next devices [Felipe types 'CLEAR' in Input to enter the city in the form, Felipe enters 'Medellin' into Input to enter the city in the form, Felipe types 'ARROW_DOWN,ENTER' in Input to enter the city in the form, Felipe enters '051050' into Input to enter the postal code in the form, Felipe enters 'Colombia' into Input to enter the country in the form, Felipe clicks on Input go to step two form], Felipe next last step [Felipe clicks on Input button next last in the form]], Then Felipe complete the form [Felipe complete setup [Felipe enters 'Chaguala123' into Input the password, Felipe enters 'Chaguala123' into Input the password]]
[Test worker] WARN net.thucydides.core.steps.BaseStepListener - stepStarted: net.thucydides.core.steps.ExecutedStepDescription@2b4dd92d
[Test worker] WARN net.thucydides.core.steps.BaseStepListener - stepFinished: current outcome:Complete the step one in the form:Given Felipe wanted to use the registration form in Utest [Felipe open up [Felipe opens the Utest join today]], When Felipe completes the fields in the form [Felipe next location [Felipe clicks on Input to enter at form, Felipe enters 'Felipe' into Input to enter the first name in the form, Felipe enters 'Navas' into Input to enter the last name in the form, Felipe enters 'luisfelipenavas@hotmail.com' into Input to enter the email in the form, Felipe enters 'April' into Input to enter the birth month in the form, Felipe enters '30' into Input to enter the birth day in the form, Felipe enters '1996' into Input to enter the birth year in the form, Felipe enters 'Spanish' into Input to enter the languages spoken in the form, Felipe clicks on Input go to step two form], Felipe next devices [Felipe types 'CLEAR' in Input to enter the city in the form, Felipe enters 'Medellin' into Input to enter the city in the form, Felipe types 'ARROW_DOWN,ENTER' in Input to enter the city in the form, Felipe enters '051050' into Input to enter the postal code in the form, Felipe enters 'Colombia' into Input to enter the country in the form, Felipe clicks on Input go to step two form], Felipe next last step [Felipe clicks on Input button next last in the form]], Then Felipe complete the form [Felipe complete setup [Felipe enters 'Chaguala123' into Input the password, Felipe enters 'Chaguala123' into Input the password, Felipe clicks on Check for the Utest terms of use]]
[Test worker] WARN net.thucydides.core.steps.BaseStepListener - stepStarted: net.thucydides.core.steps.ExecutedStepDescription@2e0ff010
[Test worker] WARN net.thucydides.core.steps.BaseStepListener - stepFinished: current outcome:Complete the step one in the form:Given Felipe wanted to use the registration form in Utest [Felipe open up [Felipe opens the Utest join today]], When Felipe completes the fields in the form [Felipe next location [Felipe clicks on Input to enter at form, Felipe enters 'Felipe' into Input to enter the first name in the form, Felipe enters 'Navas' into Input to enter the last name in the form, Felipe enters 'luisfelipenavas@hotmail.com' into Input to enter the email in the form, Felipe enters 'April' into Input to enter the birth month in the form, Felipe enters '30' into Input to enter the birth day in the form, Felipe enters '1996' into Input to enter the birth year in the form, Felipe enters 'Spanish' into Input to enter the languages spoken in the form, Felipe clicks on Input go to step two form], Felipe next devices [Felipe types 'CLEAR' in Input to enter the city in the form, Felipe enters 'Medellin' into Input to enter the city in the form, Felipe types 'ARROW_DOWN,ENTER' in Input to enter the city in the form, Felipe enters '051050' into Input to enter the postal code in the form, Felipe enters 'Colombia' into Input to enter the country in the form, Felipe clicks on Input go to step two form], Felipe next last step [Felipe clicks on Input button next last in the form]], Then Felipe complete the form [Felipe complete setup [Felipe enters 'Chaguala123' into Input the password, Felipe enters 'Chaguala123' into Input the password, Felipe clicks on Check for the Utest terms of use, Felipe clicks on Check for accept Privacy y Security Policy]]
[Test worker] WARN net.thucydides.core.steps.BaseStepListener - stepStarted: net.thucydides.core.steps.ExecutedStepDescription@27cbb7cd
[Test worker] WARN net.thucydides.core.steps.BaseStepListener - stepFinished: current outcome:Complete the step one in the form:Given Felipe wanted to use the registration form in Utest [Felipe open up [Felipe opens the Utest join today]], When Felipe completes the fields in the form [Felipe next location [Felipe clicks on Input to enter at form, Felipe enters 'Felipe' into Input to enter the first name in the form, Felipe enters 'Navas' into Input to enter the last name in the form, Felipe enters 'luisfelipenavas@hotmail.com' into Input to enter the email in the form, Felipe enters 'April' into Input to enter the birth month in the form, Felipe enters '30' into Input to enter the birth day in the form, Felipe enters '1996' into Input to enter the birth year in the form, Felipe enters 'Spanish' into Input to enter the languages spoken in the form, Felipe clicks on Input go to step two form], Felipe next devices [Felipe types 'CLEAR' in Input to enter the city in the form, Felipe enters 'Medellin' into Input to enter the city in the form, Felipe types 'ARROW_DOWN,ENTER' in Input to enter the city in the form, Felipe enters '051050' into Input to enter the postal code in the form, Felipe enters 'Colombia' into Input to enter the country in the form, Felipe clicks on Input go to step two form], Felipe next last step [Felipe clicks on Input button next last in the form]], Then Felipe complete the form [Felipe complete setup [Felipe enters 'Chaguala123' into Input the password, Felipe enters 'Chaguala123' into Input the password, Felipe clicks on Check for the Utest terms of use, Felipe clicks on Check for accept Privacy y Security Policy, Felipe clicks on Input Button Complete Setup]]
[Test worker] WARN net.thucydides.core.steps.BaseStepListener - stepFinished: current outcome:Complete the step one in the form:Given Felipe wanted to use the registration form in Utest [Felipe open up [Felipe opens the Utest join today]], When Felipe completes the fields in the form [Felipe next location [Felipe clicks on Input to enter at form, Felipe enters 'Felipe' into Input to enter the first name in the form, Felipe enters 'Navas' into Input to enter the last name in the form, Felipe enters 'luisfelipenavas@hotmail.com' into Input to enter the email in the form, Felipe enters 'April' into Input to enter the birth month in the form, Felipe enters '30' into Input to enter the birth day in the form, Felipe enters '1996' into Input to enter the birth year in the form, Felipe enters 'Spanish' into Input to enter the languages spoken in the form, Felipe clicks on Input go to step two form], Felipe next devices [Felipe types 'CLEAR' in Input to enter the city in the form, Felipe enters 'Medellin' into Input to enter the city in the form, Felipe types 'ARROW_DOWN,ENTER' in Input to enter the city in the form, Felipe enters '051050' into Input to enter the postal code in the form, Felipe enters 'Colombia' into Input to enter the country in the form, Felipe clicks on Input go to step two form], Felipe next last step [Felipe clicks on Input button next last in the form]], Then Felipe complete the form [Felipe complete setup [Felipe enters 'Chaguala123' into Input the password, Felipe enters 'Chaguala123' into Input the password, Felipe clicks on Check for the Utest terms of use, Felipe clicks on Check for accept Privacy y Security Policy, Felipe clicks on Input Button Complete Setup]]
[Test worker] WARN net.thucydides.core.steps.BaseStepListener - stepFinished: current outcome:Complete the step one in the form:Given Felipe wanted to use the registration form in Utest [Felipe open up [Felipe opens the Utest join today]], When Felipe completes the fields in the form [Felipe next location [Felipe clicks on Input to enter at form, Felipe enters 'Felipe' into Input to enter the first name in the form, Felipe enters 'Navas' into Input to enter the last name in the form, Felipe enters 'luisfelipenavas@hotmail.com' into Input to enter the email in the form, Felipe enters 'April' into Input to enter the birth month in the form, Felipe enters '30' into Input to enter the birth day in the form, Felipe enters '1996' into Input to enter the birth year in the form, Felipe enters 'Spanish' into Input to enter the languages spoken in the form, Felipe clicks on Input go to step two form], Felipe next devices [Felipe types 'CLEAR' in Input to enter the city in the form, Felipe enters 'Medellin' into Input to enter the city in the form, Felipe types 'ARROW_DOWN,ENTER' in Input to enter the city in the form, Felipe enters '051050' into Input to enter the postal code in the form, Felipe enters 'Colombia' into Input to enter the country in the form, Felipe clicks on Input go to step two form], Felipe next last step [Felipe clicks on Input button next last in the form]], Then Felipe complete the form [Felipe complete setup [Felipe enters 'Chaguala123' into Input the password, Felipe enters 'Chaguala123' into Input the password, Felipe clicks on Check for the Utest terms of use, Felipe clicks on Check for accept Privacy y Security Policy, Felipe clicks on Input Button Complete Setup]]
[Test worker] WARN net.thucydides.core.steps.BaseStepListener - testFinished: Complete the step one in the form:Given Felipe wanted to use the registration form in Utest [Felipe open up [Felipe opens the Utest join today]], When Felipe completes the fields in the form [Felipe next location [Felipe clicks on Input to enter at form, Felipe enters 'Felipe' into Input to enter the first name in the form, Felipe enters 'Navas' into Input to enter the last name in the form, Felipe enters 'luisfelipenavas@hotmail.com' into Input to enter the email in the form, Felipe enters 'April' into Input to enter the birth month in the form, Felipe enters '30' into Input to enter the birth day in the form, Felipe enters '1996' into Input to enter the birth year in the form, Felipe enters 'Spanish' into Input to enter the languages spoken in the form, Felipe clicks on Input go to step two form], Felipe next devices [Felipe types 'CLEAR' in Input to enter the city in the form, Felipe enters 'Medellin' into Input to enter the city in the form, Felipe types 'ARROW_DOWN,ENTER' in Input to enter the city in the form, Felipe enters '051050' into Input to enter the postal code in the form, Felipe enters 'Colombia' into Input to enter the country in the form, Felipe clicks on Input go to step two form], Felipe next last step [Felipe clicks on Input button next last in the form]], Then Felipe complete the form [Felipe complete setup [Felipe enters 'Chaguala123' into Input the password, Felipe enters 'Chaguala123' into Input the password, Felipe clicks on Check for the Utest terms of use, Felipe clicks on Check for accept Privacy y Security Policy, Felipe clicks on Input Button Complete Setup]]
[Test worker] WARN net.thucydides.core.steps.BaseStepListener - TestOutcomes: [Complete the step one in the form:Given Felipe wanted to use the registration form in Utest [Felipe open up [Felipe opens the Utest join today]], When Felipe completes the fields in the form [Felipe next location [Felipe clicks on Input to enter at form, Felipe enters 'Felipe' into Input to enter the first name in the form, Felipe enters 'Navas' into Input to enter the last name in the form, Felipe enters 'luisfelipenavas@hotmail.com' into Input to enter the email in the form, Felipe enters 'April' into Input to enter the birth month in the form, Felipe enters '30' into Input to enter the birth day in the form, Felipe enters '1996' into Input to enter the birth year in the form, Felipe enters 'Spanish' into Input to enter the languages spoken in the form, Felipe clicks on Input go to step two form], Felipe next devices [Felipe types 'CLEAR' in Input to enter the city in the form, Felipe enters 'Medellin' into Input to enter the city in the form, Felipe types 'ARROW_DOWN,ENTER' in Input to enter the city in the form, Felipe enters '051050' into Input to enter the postal code in the form, Felipe enters 'Colombia' into Input to enter the country in the form, Felipe clicks on Input go to step two form], Felipe next last step [Felipe clicks on Input button next last in the form]], Then Felipe complete the form [Felipe complete setup [Felipe enters 'Chaguala123' into Input the password, Felipe enters 'Chaguala123' into Input the password, Felipe clicks on Check for the Utest terms of use, Felipe clicks on Check for accept Privacy y Security Policy, Felipe clicks on Input Button Complete Setup]]]
[Test worker] WARN net.thucydides.core.steps.BaseStepListener - Final testOutcomes: [Complete the step one in the form:Given Felipe wanted to use the registration form in Utest [Felipe open up [Felipe opens the Utest join today]], When Felipe completes the fields in the form [Felipe next location [Felipe clicks on Input to enter at form, Felipe enters 'Felipe' into Input to enter the first name in the form, Felipe enters 'Navas' into Input to enter the last name in the form, Felipe enters 'luisfelipenavas@hotmail.com' into Input to enter the email in the form, Felipe enters 'April' into Input to enter the birth month in the form, Felipe enters '30' into Input to enter the birth day in the form, Felipe enters '1996' into Input to enter the birth year in the form, Felipe enters 'Spanish' into Input to enter the languages spoken in the form, Felipe clicks on Input go to step two form], Felipe next devices [Felipe types 'CLEAR' in Input to enter the city in the form, Felipe enters 'Medellin' into Input to enter the city in the form, Felipe types 'ARROW_DOWN,ENTER' in Input to enter the city in the form, Felipe enters '051050' into Input to enter the postal code in the form, Felipe enters 'Colombia' into Input to enter the country in the form, Felipe clicks on Input go to step two form], Felipe next last step [Felipe clicks on Input button next last in the form]], Then Felipe complete the form [Felipe complete setup [Felipe enters 'Chaguala123' into Input the password, Felipe enters 'Chaguala123' into Input the password, Felipe clicks on Check for the Utest terms of use, Felipe clicks on Check for accept Privacy y Security Policy, Felipe clicks on Input Button Complete Setup]]]
[Test worker] INFO net.thucydides.core.steps.ConsoleLoggingListener - 
        __    _____ _____ ____ _____   ____   _    ____  ____  _____ ____  
  _     \ \  |_   _| ____/ ___|_   _| |  _ \ / \  / ___|/ ___|| ____|  _ \ 
 (_)_____| |   | | |  _| \___ \ | |   | |_) / _ \ \___ \\___ \|  _| | | | |
  _|_____| |   | | | |___ ___) || |   |  __/ ___ \ ___) |___) | |___| |_| |
 (_)     | |   |_| |_____|____/ |_|   |_| /_/   \_\____/|____/|_____|____/ 
        /_/                                                                

TEST PASSED: Complete the step one in the form
----------------------------------------------------------------------------
]]></system-err>
</testsuite>
